/*C3*/SET SCHEMA PUBLIC
DROP TABLE IF EXISTS EMPLOYEE_EXPERTISE
DROP TABLE IF EXISTS EMPLOYEES
DROP TABLE IF EXISTS EXPERIENCE_AREAS
DROP TABLE IF EXISTS DEPARTMENTS
CREATE TABLE DEPARTMENTS(ID INTEGER PRIMARY KEY, DEPARTMENT_NAME VARCHAR(50), STATUS VARCHAR(20))
CREATE TABLE EXPERIENCE_AREAS(ID INTEGER PRIMARY KEY, AREA_NAME VARCHAR(50))
CREATE TABLE EMPLOYEES(ID INTEGER PRIMARY KEY, FIRST_NAME VARCHAR(50), LAST_NAME VARCHAR(50), BIRTH_DATE DATE, CAREER_STARTED_DATE DATE, ROLE VARCHAR(50), ID_DEPARTMENT INTEGER REFERENCES DEPARTMENTS(ID), ACTIVE SMALLINT, PRODUCTIVITY_FACTOR SMALLINT, INTERNAL_GRADE VARCHAR(20), MONTHLY_SALARY DECIMAL(7,2))
CREATE TABLE EMPLOYEE_EXPERTISE(ID INTEGER PRIMARY KEY, ID_EMPLOYEE INTEGER REFERENCES EMPLOYEES(ID), ID_EXPERIENCE_AREA INTEGER REFERENCES EXPERIENCE_AREAS(ID), EXPERTISE_LEVEL INTEGER)
INSERT INTO DEPARTMENTS VALUES(1,'Development','mature')
COMMIT
INSERT INTO DEPARTMENTS VALUES(2,'Testing','mature')
COMMIT
INSERT INTO DEPARTMENTS VALUES(3,'Project Management','mature')
COMMIT
INSERT INTO DEPARTMENTS VALUES(4,'Administration','incipient')
COMMIT
INSERT INTO EXPERIENCE_AREAS VALUES(1,'Java')
COMMIT
INSERT INTO EXPERIENCE_AREAS VALUES(2,'MySQL')
COMMIT
INSERT INTO EXPERIENCE_AREAS VALUES(3,'CSS')
COMMIT
INSERT INTO EXPERIENCE_AREAS VALUES(4,'Selenium')
COMMIT
INSERT INTO EXPERIENCE_AREAS VALUES(5,'Agile Scrum')
COMMIT
INSERT INTO EXPERIENCE_AREAS VALUES(6,'Accountancy')
COMMIT
INSERT INTO EMPLOYEES VALUES(1,'John','Davis','1980-08-15','2002-11-03','Software Developer',1,1,3,'senior',4853.05)
COMMIT
INSERT INTO EMPLOYEES VALUES(2,'Silvia','Rockwell','1989-10-02','2014-05-21','Software Developer',1,1,3,'senior',3280.17)
COMMIT
INSERT INTO EMPLOYEES VALUES(3,'Raphael Roger','Smith','1985-04-03','2009-09-12','Web Designer',1,1,2,'middle',3940.02)
COMMIT
INSERT INTO EMPLOYEES VALUES(4,'Jane','Davis','1985-07-01','2010-05-02','Test Engineer',2,1,5,'senior',2308.71)
COMMIT
INSERT INTO EMPLOYEES VALUES(5,'John Albert','Moore','1983-09-11','2007-08-06','Project Manager',3,1,1,'junior',3092.33)
COMMIT
INSERT INTO EMPLOYEES VALUES(6,'Vincent','Edison','1971-05-02','1993-10-29','Guard',4,1,1,'middle',2053.04)
COMMIT
INSERT INTO EMPLOYEES VALUES(7,'Thomas','Winfrey','1981-08-10','2005-03-09','Accountant',4,1,2,'middle',3092.33)
COMMIT
INSERT INTO EMPLOYEES VALUES(8,'Peter','Moore','1985-02-16','2009-01-03','Softare Developer',1,1,1,'junior',2483.31)
COMMIT
INSERT INTO EMPLOYEES VALUES(9,'Amelia','Richardson','1991-04-08','2013-11-21','Scrum Master',3,1,3,'middle',3187.48)
COMMIT
INSERT INTO EMPLOYEES VALUES(10,'Larisa','Powell','1993-12-07','2015-08-11','Software Developer',1,1,1,'junior',2192.42)
COMMIT
INSERT INTO EMPLOYEE_EXPERTISE VALUES(1,1,1,3)
COMMIT
INSERT INTO EMPLOYEE_EXPERTISE VALUES(2,1,2,3)
COMMIT
INSERT INTO EMPLOYEE_EXPERTISE VALUES(3,1,3,1)
COMMIT
INSERT INTO EMPLOYEE_EXPERTISE VALUES(4,1,5,2)
COMMIT
INSERT INTO EMPLOYEE_EXPERTISE VALUES(5,2,1,2)
COMMIT
INSERT INTO EMPLOYEE_EXPERTISE VALUES(6,2,5,1)
COMMIT
INSERT INTO EMPLOYEE_EXPERTISE VALUES(7,3,3,3)
COMMIT
INSERT INTO EMPLOYEE_EXPERTISE VALUES(8,4,4,3)
COMMIT
INSERT INTO EMPLOYEE_EXPERTISE VALUES(9,4,1,1)
COMMIT
INSERT INTO EMPLOYEE_EXPERTISE VALUES(10,5,5,3)
COMMIT
DISCONNECT
/*C4*/SET SCHEMA PUBLIC
DISCONNECT
/*C5*/SET SCHEMA PUBLIC
DISCONNECT
